TN:
SF:script/Deploy.s.sol
FN:41,DeployScript.setUp
FNDA:0,DeployScript.setUp
FN:43,DeployScript.run
FNDA:0,DeployScript.run
DA:45,0
DA:45,0
DA:48,0
DA:48,0
DA:49,0
DA:49,0
DA:52,0
DA:52,0
DA:54,0
DA:54,0
DA:57,0
DA:57,0
DA:68,0
DA:68,0
DA:71,0
DA:71,0
DA:72,0
DA:72,0
DA:73,0
DA:73,0
DA:75,0
DA:75,0
DA:77,0
DA:77,0
DA:78,0
DA:78,0
DA:80,0
DA:80,0
DA:82,0
DA:82,0
DA:83,0
DA:83,0
DA:84,0
DA:84,0
DA:85,0
DA:85,0
DA:86,0
DA:86,0
DA:87,0
DA:87,0
DA:88,0
DA:88,0
DA:89,0
DA:89,0
FN:100,DeployScript.init
FNDA:0,DeployScript.init
DA:101,0
DA:101,0
DA:101,0
DA:104,0
DA:104,0
DA:104,0
DA:106,0
DA:106,0
DA:108,0
DA:108,0
DA:108,0
DA:108,0
DA:109,0
DA:109,0
DA:110,0
DA:110,0
DA:110,0
DA:112,0
DA:112,0
DA:113,0
DA:113,0
DA:121,0
DA:121,0
FN:124,DeployScript.updatePrice
FNDA:0,DeployScript.updatePrice
DA:125,0
DA:125,0
DA:125,0
DA:129,0
DA:129,0
DA:130,0
DA:130,0
DA:131,0
DA:131,0
FNF:4
FNH:0
LF:35
LH:0
BRF:0
BRH:0
end_of_record
TN:
SF:src/ERC20Vault.sol
FN:163,ERC20Vault.getPosition
FNDA:0,ERC20Vault.getPosition
DA:166,0
DA:166,0
DA:167,0
DA:167,0
FN:178,ERC20Vault.getCollateralBalance
FNDA:0,ERC20Vault.getCollateralBalance
DA:181,0
DA:181,0
FN:187,ERC20Vault.getLoanBalance
FNDA:0,ERC20Vault.getLoanBalance
DA:188,0
DA:188,0
FN:194,ERC20Vault.getPositionHealth
FNDA:0,ERC20Vault.getPositionHealth
DA:197,0
DA:197,0
DA:198,0
DA:198,0
BRDA:198,0,0,-
BRDA:198,0,1,-
DA:198,0
DA:200,0
DA:200,0
DA:200,0
DA:201,0
DA:201,0
DA:201,0
DA:202,0
DA:202,0
DA:202,0
FN:208,ERC20Vault.getMaxBorrowable
FNDA:0,ERC20Vault.getMaxBorrowable
DA:211,0
DA:211,0
DA:212,0
DA:212,0
DA:212,0
DA:215,0
DA:215,0
DA:215,0
DA:216,0
DA:216,0
DA:216,0
DA:217,0
DA:217,0
DA:217,0
FN:223,ERC20Vault.getUserPositionIds
FNDA:0,ERC20Vault.getUserPositionIds
DA:226,0
DA:226,0
FN:232,ERC20Vault.getCollateralValue
FNDA:0,ERC20Vault.getCollateralValue
DA:235,0
DA:235,0
DA:235,0
DA:236,0
DA:236,0
DA:236,0
FN:242,ERC20Vault.getLoanValue
FNDA:0,ERC20Vault.getLoanValue
DA:243,0
DA:243,0
DA:243,0
DA:244,0
DA:244,0
DA:244,0
FN:250,ERC20Vault.isLiquidatable
FNDA:0,ERC20Vault.isLiquidatable
DA:251,0
DA:251,0
DA:252,0
DA:252,0
DA:252,0
DA:252,0
BRDA:252,1,0,-
BRDA:252,1,1,-
DA:252,0
DA:254,0
DA:254,0
DA:254,0
DA:255,0
DA:255,0
DA:255,0
DA:257,0
DA:257,0
DA:257,0
FN:263,ERC20Vault.getHasSoulBound
FNDA:0,ERC20Vault.getHasSoulBound
DA:264,0
DA:264,0
FN:270,ERC20Vault.getDoNotMint
FNDA:0,ERC20Vault.getDoNotMint
DA:271,0
DA:271,0
FN:277,ERC20Vault.getEffectiveLtvRatio
FNDA:0,ERC20Vault.getEffectiveLtvRatio
DA:280,0
DA:280,0
FN:291,ERC20Vault.openPosition
FNDA:0,ERC20Vault.openPosition
DA:297,0
DA:297,0
DA:297,0
BRDA:297,2,0,-
BRDA:297,2,1,-
DA:298,0
DA:298,0
DA:300,0
DA:300,0
BRDA:300,3,0,-
BRDA:300,3,1,-
DA:300,0
DA:303,0
DA:303,0
BRDA:302,4,0,-
BRDA:302,4,1,-
DA:309,0
DA:309,0
DA:312,0
DA:312,0
DA:312,0
DA:313,0
DA:313,0
DA:320,0
DA:320,0
DA:322,0
DA:322,0
DA:323,0
DA:323,0
DA:325,0
DA:325,0
DA:327,0
DA:327,0
DA:329,0
DA:329,0
DA:331,0
DA:331,0
DA:333,0
DA:333,0
BRDA:333,5,0,-
BRDA:333,5,1,-
DA:335,0
DA:335,0
DA:335,0
DA:336,0
DA:336,0
BRDA:336,6,0,-
BRDA:336,6,1,-
DA:336,0
DA:339,0
DA:339,0
BRDA:339,7,0,-
BRDA:339,7,1,-
DA:340,0
DA:340,0
DA:344,0
DA:344,0
DA:345,0
DA:345,0
DA:348,0
DA:348,0
DA:348,0
DA:349,0
DA:349,0
DA:349,0
DA:350,0
DA:350,0
DA:350,0
DA:351,0
DA:351,0
DA:351,0
DA:353,0
DA:353,0
DA:354,0
DA:354,0
DA:356,0
DA:356,0
DA:359,0
DA:359,0
DA:359,0
DA:360,0
DA:360,0
DA:360,0
DA:361,0
DA:361,0
DA:361,0
DA:363,0
DA:363,0
BRDA:363,8,0,-
BRDA:363,8,1,-
DA:363,0
DA:365,0
DA:365,0
FN:371,ERC20Vault.addCollateral
FNDA:0,ERC20Vault.addCollateral
DA:375,0
DA:375,0
FN:382,ERC20Vault.addCollateralFor
FNDA:0,ERC20Vault.addCollateralFor
DA:387,0
DA:387,0
FN:393,ERC20Vault.repayDebt
FNDA:0,ERC20Vault.repayDebt
DA:397,0
DA:397,0
BRDA:397,9,0,-
BRDA:397,9,1,-
DA:397,0
DA:398,0
DA:398,0
BRDA:398,10,0,-
BRDA:398,10,1,-
DA:399,0
DA:399,0
DA:401,0
DA:401,0
BRDA:401,11,0,-
BRDA:401,11,1,-
DA:402,0
DA:402,0
DA:405,0
DA:405,0
DA:407,0
DA:407,0
DA:409,0
DA:409,0
DA:410,0
DA:410,0
DA:412,0
DA:412,0
DA:416,0
DA:416,0
DA:416,0
DA:417,0
DA:417,0
BRDA:415,12,0,-
BRDA:415,12,1,-
DA:419,0
DA:419,0
DA:422,0
DA:422,0
FN:429,ERC20Vault.borrow
FNDA:0,ERC20Vault.borrow
DA:430,0
DA:430,0
FN:438,ERC20Vault.borrowFor
FNDA:0,ERC20Vault.borrowFor
DA:443,0
DA:443,0
FN:449,ERC20Vault.withdrawCollateral
FNDA:0,ERC20Vault.withdrawCollateral
DA:453,0
DA:453,0
BRDA:453,13,0,-
BRDA:453,13,1,-
DA:453,0
DA:454,0
DA:454,0
BRDA:454,14,0,-
BRDA:454,14,1,-
DA:455,0
DA:455,0
DA:457,0
DA:457,0
BRDA:457,15,0,-
BRDA:457,15,1,-
DA:458,0
DA:458,0
DA:461,0
DA:461,0
DA:463,0
DA:463,0
DA:463,0
DA:465,0
DA:465,0
DA:467,0
DA:467,0
BRDA:467,16,0,-
BRDA:467,16,1,-
DA:468,0
DA:468,0
DA:468,0
DA:471,0
DA:471,0
DA:471,0
DA:472,0
DA:472,0
DA:473,0
DA:473,0
DA:473,0
DA:474,0
DA:474,0
BRDA:474,17,0,-
BRDA:474,17,1,-
DA:475,0
DA:475,0
DA:479,0
DA:479,0
DA:480,0
DA:480,0
DA:482,0
DA:482,0
BRDA:482,18,0,-
BRDA:482,18,1,-
DA:483,0
DA:483,0
DA:488,0
DA:488,0
DA:488,0
DA:489,0
DA:489,0
BRDA:487,19,0,-
BRDA:487,19,1,-
DA:491,0
DA:491,0
DA:494,0
DA:494,0
FN:499,ERC20Vault.liquidatePosition
FNDA:0,ERC20Vault.liquidatePosition
DA:500,0
DA:500,0
DA:501,0
DA:501,0
DA:502,0
DA:502,0
DA:503,0
DA:503,0
DA:505,0
DA:505,0
DA:505,0
BRDA:505,20,0,-
BRDA:505,20,1,-
DA:505,0
DA:506,0
DA:506,0
BRDA:506,21,0,-
BRDA:506,21,1,-
DA:506,0
DA:508,0
DA:508,0
DA:510,0
DA:510,0
DA:510,0
DA:511,0
DA:511,0
DA:511,0
DA:512,0
DA:512,0
DA:512,0
DA:512,0
DA:514,0
DA:514,0
BRDA:514,22,0,-
BRDA:514,22,1,-
DA:515,0
DA:515,0
DA:517,0
DA:517,0
BRDA:517,23,0,-
BRDA:517,23,1,-
DA:518,0
DA:518,0
DA:520,0
DA:520,0
BRDA:520,24,0,-
BRDA:520,24,1,-
DA:521,0
DA:521,0
BRDA:521,25,0,-
BRDA:521,25,1,-
DA:522,0
DA:522,0
DA:526,0
DA:526,0
DA:527,0
DA:527,0
DA:529,0
DA:529,0
DA:531,0
DA:531,0
DA:533,0
DA:533,0
DA:535,0
DA:535,0
FN:538,ERC20Vault.batchLiquidate
FNDA:0,ERC20Vault.batchLiquidate
DA:541,0
DA:541,0
BRDA:541,26,0,-
BRDA:541,26,1,-
DA:541,0
DA:543,0
DA:543,0
DA:544,0
DA:544,0
DA:546,0
DA:546,0
DA:546,0
DA:546,0
DA:547,0
DA:547,0
DA:548,0
DA:548,0
DA:549,0
DA:549,0
DA:551,0
DA:551,0
DA:551,0
BRDA:551,27,0,-
BRDA:551,27,1,-
DA:551,0
DA:552,0
DA:552,0
BRDA:552,28,0,-
BRDA:552,28,1,-
DA:552,0
DA:554,0
DA:554,0
DA:556,0
DA:556,0
DA:557,0
DA:557,0
DA:559,0
DA:559,0
DA:559,0
DA:560,0
DA:560,0
DA:560,0
DA:561,0
DA:561,0
DA:561,0
DA:561,0
DA:563,0
DA:563,0
DA:564,0
DA:564,0
DA:567,0
DA:567,0
DA:568,0
DA:568,0
DA:569,0
DA:569,0
DA:571,0
DA:571,0
BRDA:571,29,0,-
BRDA:571,29,1,-
DA:573,0
DA:573,0
BRDA:572,30,0,-
BRDA:572,30,1,-
DA:578,0
DA:578,0
DA:581,0
DA:581,0
DA:583,0
DA:583,0
DA:586,0
DA:586,0
BRDA:586,31,0,-
BRDA:586,31,1,-
DA:587,0
DA:587,0
BRDA:587,32,0,-
BRDA:587,32,1,-
DA:588,0
DA:588,0
DA:591,0
DA:591,0
BRDA:591,33,0,-
BRDA:591,33,1,-
DA:592,0
DA:592,0
BRDA:592,34,0,-
BRDA:592,34,1,-
DA:593,0
DA:593,0
DA:597,0
DA:597,0
FN:604,ERC20Vault.collectInterest
FNDA:0,ERC20Vault.collectInterest
DA:608,0
DA:608,0
BRDA:608,35,0,-
BRDA:608,35,1,-
DA:610,0
DA:610,0
DA:612,0
DA:612,0
DA:614,0
DA:614,0
DA:615,0
DA:615,0
DA:616,0
DA:616,0
DA:617,0
DA:617,0
DA:619,0
DA:619,0
FN:624,ERC20Vault.setDoNotMint
FNDA:0,ERC20Vault.setDoNotMint
DA:625,0
DA:625,0
FN:635,ERC20Vault.updatePriceFeeds
FNDA:0,ERC20Vault.updatePriceFeeds
DA:639,0
DA:639,0
DA:639,0
BRDA:639,36,0,-
BRDA:639,36,1,-
DA:639,0
DA:640,0
DA:640,0
DA:640,0
BRDA:640,37,0,-
BRDA:640,37,1,-
DA:640,0
DA:641,0
DA:641,0
DA:642,0
DA:642,0
FN:647,ERC20Vault.updateLtvRatio
FNDA:0,ERC20Vault.updateLtvRatio
DA:650,0
DA:650,0
DA:650,0
DA:650,0
BRDA:650,38,0,-
BRDA:650,38,1,-
DA:650,0
DA:651,0
DA:651,0
FN:657,ERC20Vault.emergencyWithdraw
FNDA:0,ERC20Vault.emergencyWithdraw
DA:661,0
DA:661,0
DA:661,0
DA:662,0
DA:662,0
BRDA:662,39,0,-
BRDA:662,39,1,-
DA:662,0
FN:667,ERC20Vault.setInterestCollector
FNDA:0,ERC20Vault.setInterestCollector
DA:670,0
DA:670,0
DA:671,0
DA:671,0
FN:676,ERC20Vault.toggleInterestCollection
FNDA:0,ERC20Vault.toggleInterestCollection
DA:679,0
DA:679,0
DA:680,0
DA:680,0
FN:688,ERC20Vault._addCollateral
FNDA:0,ERC20Vault._addCollateral
DA:694,0
DA:694,0
BRDA:694,40,0,-
BRDA:694,40,1,-
DA:694,0
DA:695,0
DA:695,0
BRDA:695,41,0,-
BRDA:695,41,1,-
DA:696,0
DA:696,0
DA:699,0
DA:699,0
DA:700,0
DA:700,0
DA:702,0
DA:702,0
FN:706,ERC20Vault._borrow
FNDA:0,ERC20Vault._borrow
DA:712,0
DA:712,0
BRDA:712,42,0,-
BRDA:712,42,1,-
DA:712,0
DA:713,0
DA:713,0
DA:715,0
DA:715,0
DA:717,0
DA:717,0
DA:717,0
DA:719,0
DA:719,0
DA:719,0
DA:720,0
DA:720,0
DA:720,0
DA:721,0
DA:721,0
DA:722,0
DA:722,0
DA:722,0
DA:724,0
DA:724,0
BRDA:724,43,0,-
BRDA:724,43,1,-
DA:724,0
DA:726,0
DA:726,0
DA:727,0
DA:727,0
DA:728,0
DA:728,0
DA:730,0
DA:730,0
DA:732,0
DA:732,0
FN:737,ERC20Vault._deletePosition
FNDA:0,ERC20Vault._deletePosition
DA:738,0
BRDA:738,44,0,-
BRDA:738,44,1,-
DA:739,0
DA:739,0
DA:740,0
DA:740,0
DA:743,0
DA:743,0
DA:744,0
DA:744,0
DA:745,0
DA:745,0
DA:745,0
DA:745,0
DA:746,0
DA:746,0
BRDA:746,45,0,-
BRDA:746,45,1,-
DA:747,0
DA:747,0
DA:748,0
DA:748,0
DA:749,0
DA:749,0
DA:753,0
DA:753,0
FN:759,ERC20Vault._getPrice
FNDA:0,ERC20Vault._getPrice
DA:760,0
DA:760,0
DA:760,0
DA:761,0
DA:761,0
BRDA:761,46,0,-
BRDA:761,46,1,-
DA:761,0
DA:762,0
DA:762,0
DA:762,0
DA:762,0
DA:762,0
FN:767,ERC20Vault._collectInterestIfAvailable
FNDA:0,ERC20Vault._collectInterestIfAvailable
DA:769,0
DA:769,0
DA:769,0
DA:769,0
DA:769,0
DA:770,0
DA:770,0
BRDA:768,47,0,-
BRDA:768,47,1,-
DA:771,0
DA:771,0
DA:773,0
DA:773,0
DA:774,0
DA:774,0
BRDA:774,48,0,-
BRDA:774,48,1,-
DA:774,0
DA:777,0
DA:777,0
FNF:33
FNH:0
LF:217
LH:0
BRF:98
BRH:0
end_of_record
TN:
SF:src/InterestCollector.sol
FN:94,InterestCollector.getRegisteredVaultsCount
FNDA:0,InterestCollector.getRegisteredVaultsCount
DA:95,0
DA:95,0
FN:103,InterestCollector.getVaultInterestRate
FNDA:0,InterestCollector.getVaultInterestRate
DA:106,0
DA:106,0
FN:114,InterestCollector.getLastCollectionBlock
FNDA:0,InterestCollector.getLastCollectionBlock
DA:119,0
DA:119,0
FN:127,InterestCollector.getCollectedInterest
FNDA:0,InterestCollector.getCollectedInterest
DA:130,0
DA:130,0
FN:140,InterestCollector.calculateInterestDue
FNDA:0,InterestCollector.calculateInterestDue
DA:145,0
DA:145,0
BRDA:145,0,0,-
BRDA:145,0,1,-
DA:145,0
DA:146,0
DA:146,0
BRDA:146,1,0,-
BRDA:146,1,1,-
DA:146,0
DA:147,0
DA:147,0
BRDA:147,2,0,-
BRDA:147,2,1,-
DA:147,0
DA:149,0
DA:149,0
DA:150,0
DA:150,0
BRDA:150,3,0,-
BRDA:150,3,1,-
DA:150,0
DA:152,0
DA:152,0
DA:152,0
DA:154,0
DA:154,0
DA:154,0
DA:156,0
DA:156,0
BRDA:156,4,0,-
BRDA:156,4,1,-
DA:156,0
DA:158,0
DA:158,0
DA:158,0
DA:159,0
DA:159,0
DA:159,0
DA:162,0
DA:162,0
DA:162,0
FN:170,InterestCollector.isCollectionReady
FNDA:0,InterestCollector.isCollectionReady
DA:174,0
DA:174,0
BRDA:174,5,0,-
BRDA:174,5,1,-
DA:174,0
DA:176,0
DA:176,0
DA:176,0
DA:178,0
DA:178,0
DA:178,0
FN:190,InterestCollector.setLastCollectionBlock
FNDA:0,InterestCollector.setLastCollectionBlock
DA:194,0
DA:194,0
BRDA:194,6,0,-
BRDA:194,6,1,-
DA:194,0
DA:195,0
DA:195,0
FN:202,InterestCollector.setPeriodBlocks
FNDA:0,InterestCollector.setPeriodBlocks
DA:203,0
DA:203,0
DA:204,0
DA:204,0
FN:212,InterestCollector.registerVault
FNDA:0,InterestCollector.registerVault
DA:216,0
DA:216,0
DA:216,0
BRDA:216,7,0,-
BRDA:216,7,1,-
DA:216,0
DA:217,0
DA:217,0
BRDA:217,8,0,-
BRDA:217,8,1,-
DA:217,0
DA:218,0
DA:218,0
BRDA:218,9,0,-
BRDA:218,9,1,-
DA:218,0
DA:220,0
DA:220,0
DA:221,0
DA:221,0
DA:223,0
DA:223,0
FN:231,InterestCollector.updateInterestRate
FNDA:0,InterestCollector.updateInterestRate
DA:235,0
DA:235,0
BRDA:235,10,0,-
BRDA:235,10,1,-
DA:235,0
DA:236,0
DA:236,0
BRDA:236,11,0,-
BRDA:236,11,1,-
DA:236,0
DA:238,0
DA:238,0
DA:239,0
DA:239,0
FN:250,InterestCollector.collectInterest
FNDA:0,InterestCollector.collectInterest
DA:256,0
DA:256,0
BRDA:256,12,0,-
BRDA:256,12,1,-
DA:256,0
DA:257,0
DA:257,0
BRDA:257,13,0,-
BRDA:257,13,1,-
DA:257,0
DA:258,0
DA:258,0
BRDA:258,14,0,-
BRDA:258,14,1,-
DA:258,0
DA:260,0
DA:260,0
DA:260,0
DA:266,0
DA:266,0
BRDA:266,15,0,-
BRDA:266,15,1,-
DA:266,0
DA:268,0
DA:268,0
DA:270,0
DA:270,0
DA:271,0
DA:271,0
DA:273,0
DA:273,0
FN:280,InterestCollector.withdrawInterest
FNDA:0,InterestCollector.withdrawInterest
DA:281,0
DA:281,0
DA:282,0
DA:282,0
BRDA:282,16,0,-
BRDA:282,16,1,-
DA:282,0
DA:284,0
DA:284,0
DA:284,0
DA:285,0
DA:285,0
BRDA:285,17,0,-
BRDA:285,17,1,-
DA:285,0
DA:287,0
DA:287,0
DA:289,0
DA:289,0
FN:296,InterestCollector.updateTreasury
FNDA:0,InterestCollector.updateTreasury
DA:297,0
DA:297,0
DA:297,0
BRDA:297,18,0,-
BRDA:297,18,1,-
DA:297,0
DA:298,0
DA:298,0
DA:299,0
DA:299,0
DA:300,0
DA:300,0
FNF:13
FNH:0
LF:51
LH:0
BRF:38
BRH:0
end_of_record
TN:
SF:src/LeverageBooster.sol
FN:82,LeverageBooster.setPool
FNDA:0,LeverageBooster.setPool
DA:83,0
DA:83,0
DA:83,0
DA:85,0
DA:85,0
DA:85,0
DA:86,0
DA:86,0
DA:86,0
DA:88,0
DA:88,0
DA:89,0
DA:89,0
DA:91,0
DA:91,0
FN:103,LeverageBooster.leveragePosition
FNDA:0,LeverageBooster.leveragePosition
DA:109,0
DA:109,0
BRDA:109,0,0,-
BRDA:109,0,1,-
DA:109,0
DA:111,0
DA:111,0
DA:118,0
DA:118,0
DA:119,0
DA:119,0
DA:125,0
DA:125,0
DA:127,0
DA:127,0
DA:127,0
DA:127,0
DA:128,0
DA:128,0
DA:128,0
DA:129,0
DA:129,0
DA:129,0
DA:131,0
DA:131,0
DA:131,0
DA:134,0
DA:134,0
BRDA:134,1,0,-
BRDA:134,1,1,-
DA:134,0
DA:136,0
DA:136,0
DA:139,0
DA:139,0
DA:139,0
BRDA:139,2,0,-
BRDA:139,2,1,-
DA:140,0
DA:140,0
DA:149,0
DA:149,0
DA:149,0
DA:150,0
DA:150,0
DA:152,0
DA:152,0
FN:174,LeverageBooster._addCollateral
FNDA:0,LeverageBooster._addCollateral
DA:180,0
DA:180,0
DA:183,0
DA:183,0
BRDA:183,3,0,-
BRDA:183,3,1,-
DA:188,0
DA:188,0
DA:188,0
DA:195,0
DA:195,0
DA:196,0
DA:196,0
FN:207,LeverageBooster._swapLoanToCollateral
FNDA:0,LeverageBooster._swapLoanToCollateral
DA:213,0
DA:213,0
DA:213,0
DA:217,0
DA:217,0
DA:218,0
DA:218,0
DA:226,0
DA:226,0
DA:226,0
DA:229,0
DA:229,0
DA:229,0
DA:236,0
DA:236,0
DA:236,0
DA:237,0
DA:237,0
DA:246,0
DA:246,0
DA:247,0
DA:247,0
DA:250,0
DA:250,0
DA:250,0
DA:251,0
DA:251,0
DA:253,0
DA:253,0
DA:253,0
DA:254,0
DA:254,0
DA:255,0
DA:255,0
DA:255,0
DA:257,0
DA:257,0
FNF:4
FNH:0
LF:42
LH:0
BRF:8
BRH:0
end_of_record
TN:
SF:src/RehypothecationVault.sol
FN:78,RehypothecationVault.initialize
FNDA:25,RehypothecationVault.initialize
DA:86,25
DA:86,25
DA:87,25
DA:87,25
DA:89,25
DA:89,25
DA:90,25
DA:90,25
DA:91,25
DA:91,25
DA:92,25
DA:92,25
DA:93,25
DA:93,25
DA:94,25
DA:94,25
FN:103,RehypothecationVault.getAccumulatedRewards
FNDA:1,RehypothecationVault.getAccumulatedRewards
DA:104,1
DA:104,1
FN:114,RehypothecationVault.getUserRewards
FNDA:3,RehypothecationVault.getUserRewards
DA:115,3
DA:115,3
DA:115,3
DA:116,3
DA:116,3
DA:117,3
DA:117,3
FN:133,RehypothecationVault.deposit
FNDA:32,RehypothecationVault.deposit
DA:137,31
DA:137,31
BRDA:137,0,0,1
BRDA:137,0,1,30
DA:137,1
DA:139,30
DA:139,30
DA:141,30
DA:141,30
DA:143,30
DA:143,30
DA:144,30
DA:144,30
DA:146,30
DA:146,30
FN:151,RehypothecationVault.withdraw
FNDA:7,RehypothecationVault.withdraw
DA:155,6
DA:155,6
BRDA:155,1,0,1
BRDA:155,1,1,5
DA:155,1
DA:156,5
DA:156,5
BRDA:156,2,0,1
BRDA:156,2,1,4
DA:156,1
DA:158,4
DA:158,4
DA:158,4
BRDA:158,3,0,-
BRDA:158,3,1,3
DA:159,3
DA:159,3
DA:164,1
DA:164,1
DA:166,4
DA:166,4
DA:168,4
DA:168,4
DA:170,4
DA:170,4
FN:180,RehypothecationVault.withdrawToken
FNDA:5,RehypothecationVault.withdrawToken
DA:181,4
DA:181,4
DA:181,4
BRDA:181,4,0,1
BRDA:181,4,1,3
DA:181,1
DA:182,3
DA:182,3
BRDA:182,5,0,1
BRDA:182,5,1,2
DA:182,1
DA:184,2
DA:184,2
DA:186,2
DA:186,2
FN:190,RehypothecationVault.claimReward
FNDA:3,RehypothecationVault.claimReward
DA:191,2
DA:191,2
DA:191,2
DA:192,2
DA:192,2
BRDA:192,6,0,1
BRDA:192,6,1,1
DA:192,1
DA:194,1
DA:194,1
DA:194,1
DA:195,1
DA:195,1
DA:196,1
DA:196,1
DA:203,1
DA:203,1
FN:208,RehypothecationVault.setVault
FNDA:26,RehypothecationVault.setVault
DA:209,25
DA:209,25
FN:214,RehypothecationVault.updatePoolProxy
FNDA:3,RehypothecationVault.updatePoolProxy
DA:217,1
DA:217,1
DA:218,1
DA:218,1
FN:223,RehypothecationVault.updateRewardsController
FNDA:3,RehypothecationVault.updateRewardsController
DA:226,1
DA:226,1
DA:227,1
DA:227,1
FN:232,RehypothecationVault.setUserUseReserveAsCollateral
FNDA:24,RehypothecationVault.setUserUseReserveAsCollateral
DA:233,24
DA:233,24
FNF:11
FNH:11
LF:42
LH:42
BRF:14
BRH:13
end_of_record
TN:
SF:src/SoulBound.sol
FN:13,SoulBound.mint
FNDA:0,SoulBound.mint
DA:14,0
DA:14,0
BRDA:14,0,0,-
BRDA:14,0,1,-
DA:15,0
DA:15,0
FN:18,SoulBound.burn
FNDA:0,SoulBound.burn
DA:19,0
DA:19,0
BRDA:19,1,0,-
BRDA:19,1,1,-
DA:20,0
DA:20,0
FN:24,SoulBound.transferFrom
FNDA:0,SoulBound.transferFrom
DA:25,0
DA:25,0
FN:28,SoulBound.safeTransferFrom
FNDA:0,SoulBound.safeTransferFrom
DA:34,0
DA:34,0
FNF:4
FNH:0
LF:6
LH:0
BRF:4
BRH:0
end_of_record
TN:
SF:src/mock/MockERC20Mintable.sol
FN:21,MockERC20Mintable.mint
FNDA:0,MockERC20Mintable.mint
DA:25,0
DA:25,0
FN:28,MockERC20Mintable.burn
FNDA:0,MockERC20Mintable.burn
DA:32,0
DA:32,0
FNF:2
FNH:0
LF:2
LH:0
BRF:0
BRH:0
end_of_record
TN:
SF:src/mock/MockPriceFeed.sol
FN:15,MockPriceFeed.latestRoundData
FNDA:0,MockPriceFeed.latestRoundData
DA:20,0
DA:20,0
FN:23,MockPriceFeed.decimals
FNDA:0,MockPriceFeed.decimals
DA:24,0
DA:24,0
FN:27,MockPriceFeed.setPrice
FNDA:0,MockPriceFeed.setPrice
DA:28,0
DA:28,0
DA:29,0
DA:29,0
FNF:3
FNH:0
LF:4
LH:0
BRF:0
BRH:0
end_of_record
TN:
SF:test/ERC20VaultBadDebtHandler.t.sol
FN:209,ERC20VaultInvariantTest.setUp
FNDA:0,ERC20VaultInvariantTest.setUp
DA:210,0
DA:210,0
DA:212,0
DA:212,0
DA:213,0
DA:213,0
DA:216,0
DA:216,0
DA:217,0
DA:217,0
DA:219,0
DA:219,0
DA:230,0
DA:230,0
DA:231,0
DA:231,0
DA:233,0
DA:233,0
DA:234,0
DA:234,0
DA:236,0
DA:236,0
DA:239,0
DA:239,0
DA:242,0
DA:242,0
DA:242,0
DA:243,0
DA:243,0
DA:243,0
DA:244,0
DA:244,0
DA:245,0
DA:245,0
DA:248,0
DA:248,0
DA:258,0
DA:258,0
DA:260,0
DA:260,0
DA:260,0
DA:264,0
DA:264,0
DA:265,0
DA:265,0
DA:266,0
DA:266,0
DA:267,0
DA:267,0
DA:268,0
DA:268,0
FN:275,ERC20VaultInvariantTest.invariant_PositionDataMatchesBalances
FNDA:0,ERC20VaultInvariantTest.invariant_PositionDataMatchesBalances
DA:276,0
DA:276,0
DA:276,0
DA:277,0
DA:277,0
DA:278,0
DA:278,0
DA:279,0
DA:279,0
DA:279,0
DA:279,0
DA:280,0
DA:280,0
DA:280,0
DA:283,0
DA:283,0
DA:284,0
DA:284,0
DA:286,0
DA:286,0
DA:287,0
DA:287,0
DA:288,0
DA:288,0
FN:291,ERC20VaultInvariantTest.invariant_LTVLimitRespected
FNDA:0,ERC20VaultInvariantTest.invariant_LTVLimitRespected
DA:292,0
DA:292,0
DA:292,0
DA:293,0
DA:293,0
DA:293,0
DA:293,0
DA:294,0
DA:294,0
DA:295,0
DA:295,0
DA:295,0
DA:296,0
DA:296,0
BRDA:296,0,0,-
BRDA:296,0,1,-
DA:298,0
DA:298,0
DA:299,0
DA:299,0
FN:308,ERC20VaultInvariantTest.invariant_CollateralAdditionsAccurate
FNDA:0,ERC20VaultInvariantTest.invariant_CollateralAdditionsAccurate
DA:309,0
DA:309,0
DA:309,0
DA:310,0
DA:310,0
DA:312,0
DA:312,0
DA:312,0
DA:312,0
DA:313,0
DA:313,0
DA:314,0
DA:314,0
DA:314,0
DA:315,0
DA:315,0
DA:315,0
DA:315,0
DA:318,0
DA:318,0
DA:323,0
DA:323,0
DA:326,0
DA:326,0
FN:333,ERC20VaultInvariantTest.invariant_CollateralWithdrawalsAccurate
FNDA:0,ERC20VaultInvariantTest.invariant_CollateralWithdrawalsAccurate
DA:334,0
DA:334,0
DA:334,0
DA:335,0
DA:335,0
DA:336,0
DA:336,0
DA:338,0
DA:338,0
DA:338,0
DA:338,0
DA:339,0
DA:339,0
DA:340,0
DA:340,0
DA:340,0
DA:341,0
DA:341,0
DA:342,0
DA:342,0
DA:345,0
DA:345,0
DA:345,0
DA:345,0
DA:347,0
DA:347,0
DA:347,0
DA:347,0
DA:351,0
DA:351,0
DA:356,0
DA:356,0
FN:363,ERC20VaultInvariantTest.invariant_DebtRepaymentsAccurate
FNDA:0,ERC20VaultInvariantTest.invariant_DebtRepaymentsAccurate
DA:364,0
DA:364,0
DA:364,0
DA:365,0
DA:365,0
DA:367,0
DA:367,0
DA:367,0
DA:367,0
DA:368,0
DA:368,0
DA:369,0
DA:369,0
DA:369,0
DA:370,0
DA:370,0
DA:370,0
DA:372,0
DA:372,0
DA:373,0
DA:373,0
DA:376,0
DA:376,0
DA:381,0
DA:381,0
FN:388,ERC20VaultInvariantTest.invariant_HealthRatioCorrect
FNDA:0,ERC20VaultInvariantTest.invariant_HealthRatioCorrect
DA:389,0
DA:389,0
DA:389,0
DA:390,0
DA:390,0
DA:390,0
DA:390,0
DA:391,0
DA:391,0
DA:392,0
DA:392,0
DA:392,0
DA:394,0
DA:394,0
DA:394,0
DA:396,0
DA:396,0
BRDA:396,1,0,-
BRDA:396,1,1,-
DA:397,0
DA:397,0
DA:403,0
DA:403,0
DA:403,0
DA:406,0
DA:406,0
DA:406,0
DA:407,0
DA:407,0
DA:407,0
DA:409,0
DA:409,0
DA:419,0
DA:419,0
DA:419,0
DA:420,0
DA:420,0
BRDA:420,2,0,-
BRDA:420,2,1,-
DA:421,0
DA:421,0
DA:422,0
DA:422,0
DA:422,0
DA:423,0
DA:423,0
FN:431,ERC20VaultInvariantTest.invariant_HealthReflectsPriceChanges
FNDA:0,ERC20VaultInvariantTest.invariant_HealthReflectsPriceChanges
DA:432,0
DA:432,0
DA:432,0
DA:433,0
DA:433,0
DA:433,0
DA:433,0
DA:434,0
DA:434,0
DA:435,0
DA:435,0
DA:435,0
DA:437,0
DA:437,0
DA:437,0
DA:437,0
BRDA:437,3,0,-
BRDA:437,3,1,-
DA:438,0
DA:438,0
DA:438,0
DA:439,0
DA:439,0
DA:439,0
DA:442,0
DA:442,0
DA:442,0
DA:443,0
DA:443,0
DA:443,0
DA:447,0
DA:447,0
DA:455,0
DA:455,0
DA:455,0
DA:456,0
DA:456,0
BRDA:456,4,0,-
BRDA:456,4,1,-
DA:457,0
DA:457,0
DA:458,0
DA:458,0
FN:464,ERC20VaultInvariantTest.invariant_FullDebtRepayment
FNDA:0,ERC20VaultInvariantTest.invariant_FullDebtRepayment
DA:465,0
DA:465,0
DA:465,0
DA:466,0
DA:466,0
DA:466,0
DA:466,0
DA:467,0
DA:467,0
DA:468,0
DA:468,0
DA:468,0
DA:474,0
DA:474,0
DA:474,0
DA:475,0
DA:475,0
BRDA:473,5,0,-
BRDA:473,5,1,-
DA:478,0
DA:478,0
DA:481,0
DA:481,0
DA:488,0
DA:488,0
DA:488,0
DA:488,0
DA:491,0
DA:491,0
DA:499,0
DA:499,0
BRDA:498,6,0,-
BRDA:498,6,1,-
DA:503,0
DA:503,0
DA:513,0
DA:513,0
DA:514,0
DA:514,0
DA:514,0
DA:514,0
DA:515,0
DA:515,0
DA:516,0
DA:516,0
DA:516,0
DA:520,0
DA:520,0
DA:522,0
DA:522,0
FN:529,ERC20VaultInvariantTest.invariant_CanProtocolOccurBadDebt
FNDA:0,ERC20VaultInvariantTest.invariant_CanProtocolOccurBadDebt
DA:530,0
DA:530,0
DA:530,0
DA:531,0
DA:531,0
DA:532,0
DA:532,0
DA:534,0
DA:534,0
DA:534,0
DA:534,0
DA:535,0
DA:535,0
DA:536,0
DA:536,0
DA:536,0
DA:538,0
DA:538,0
DA:538,0
DA:538,0
BRDA:538,7,0,-
BRDA:538,7,1,-
DA:539,0
DA:539,0
DA:542,0
DA:542,0
DA:547,0
DA:547,0
BRDA:547,8,0,-
BRDA:547,8,1,-
DA:548,0
DA:548,0
DA:549,0
DA:549,0
DA:550,0
DA:550,0
DA:551,0
DA:551,0
DA:558,0
DA:558,0
DA:558,0
DA:559,0
DA:559,0
FN:47,BadDebtHandler.openPosition
FNDA:0,BadDebtHandler.openPosition
DA:51,0
DA:51,0
DA:52,0
DA:52,0
DA:54,0
DA:54,0
DA:57,0
DA:57,0
DA:57,0
DA:57,0
DA:58,0
DA:58,0
DA:59,0
DA:59,0
DA:60,0
DA:60,0
BRDA:56,0,0,-
BRDA:56,0,1,-
DA:63,0
DA:63,0
FN:77,BadDebtHandler.addCollateral
FNDA:0,BadDebtHandler.addCollateral
DA:81,0
DA:81,0
DA:81,0
DA:82,0
DA:82,0
BRDA:82,1,0,-
BRDA:82,1,1,-
DA:83,0
DA:83,0
DA:84,0
DA:84,0
DA:84,0
DA:87,0
DA:87,0
DA:94,0
DA:94,0
DA:94,0
DA:94,0
DA:95,0
DA:95,0
DA:96,0
DA:96,0
DA:96,0
BRDA:93,2,0,-
BRDA:93,2,1,-
DA:98,0
DA:98,0
DA:99,0
DA:99,0
FN:106,BadDebtHandler.repayDebt
FNDA:0,BadDebtHandler.repayDebt
DA:107,0
DA:107,0
DA:107,0
DA:108,0
DA:108,0
BRDA:108,3,0,-
BRDA:108,3,1,-
DA:109,0
DA:109,0
DA:110,0
DA:110,0
DA:110,0
DA:112,0
DA:112,0
DA:114,0
DA:114,0
DA:114,0
DA:114,0
DA:114,0
BRDA:114,4,0,-
BRDA:114,4,1,-
DA:115,0
DA:115,0
DA:116,0
DA:116,0
FN:123,BadDebtHandler.updatePriceFeed
FNDA:0,BadDebtHandler.updatePriceFeed
DA:127,0
DA:127,0
DA:129,0
DA:129,0
DA:129,0
DA:133,0
DA:133,0
FN:136,BadDebtHandler._bound
FNDA:0,BadDebtHandler._bound
DA:141,0
DA:141,0
BRDA:141,5,0,-
BRDA:141,5,1,-
DA:147,0
DA:147,0
DA:147,0
DA:147,0
BRDA:147,6,0,-
BRDA:147,6,1,-
DA:147,0
DA:149,0
DA:149,0
DA:149,0
DA:149,0
DA:153,0
DA:153,0
DA:153,0
DA:153,0
BRDA:153,7,0,-
BRDA:153,7,1,-
DA:153,0
DA:153,0
DA:154,0
DA:154,0
DA:154,0
DA:154,0
DA:154,0
DA:154,0
BRDA:154,8,0,-
BRDA:154,8,1,-
DA:155,0
DA:155,0
DA:155,0
DA:158,0
DA:158,0
BRDA:158,9,0,-
BRDA:158,9,1,-
DA:159,0
DA:159,0
DA:159,0
DA:160,0
DA:160,0
DA:160,0
DA:161,0
DA:161,0
BRDA:161,10,0,-
BRDA:161,10,1,-
DA:161,0
DA:162,0
DA:162,0
DA:163,0
DA:163,0
BRDA:163,11,0,-
BRDA:163,11,1,-
DA:164,0
DA:164,0
DA:164,0
DA:165,0
DA:165,0
DA:165,0
DA:166,0
DA:166,0
BRDA:166,12,0,-
BRDA:166,12,1,-
DA:166,0
DA:167,0
DA:167,0
FNF:15
FNH:0
LF:181
LH:0
BRF:44
BRH:0
end_of_record
TN:
SF:test/ERC20VaultInvariant.t.sol
FN:100,ERC20VaultInvariantTest.setUp
FNDA:0,ERC20VaultInvariantTest.setUp
DA:101,0
DA:101,0
DA:103,0
DA:103,0
DA:104,0
DA:104,0
DA:107,0
DA:107,0
DA:110,0
DA:110,0
DA:111,0
DA:111,0
DA:113,0
DA:113,0
DA:123,0
DA:123,0
DA:124,0
DA:124,0
DA:131,0
DA:131,0
DA:132,0
DA:132,0
DA:134,0
DA:134,0
DA:136,0
DA:136,0
DA:137,0
DA:137,0
DA:139,0
DA:139,0
DA:140,0
DA:140,0
DA:142,0
DA:142,0
DA:144,0
DA:144,0
DA:146,0
DA:146,0
DA:146,0
DA:147,0
DA:147,0
DA:148,0
DA:148,0
DA:151,0
DA:151,0
DA:154,0
DA:154,0
DA:158,0
DA:158,0
DA:158,0
DA:162,0
DA:162,0
DA:163,0
DA:163,0
DA:164,0
DA:164,0
DA:165,0
DA:165,0
DA:166,0
DA:166,0
DA:167,0
DA:167,0
DA:168,0
DA:168,0
DA:169,0
DA:169,0
DA:170,0
DA:170,0
DA:171,0
DA:171,0
DA:172,0
DA:172,0
FN:185,ERC20VaultInvariantTest._collectInterest
FNDA:0,ERC20VaultInvariantTest._collectInterest
DA:187,0
DA:187,0
DA:187,0
DA:187,0
DA:187,0
DA:188,0
DA:188,0
BRDA:186,0,0,-
BRDA:186,0,1,-
DA:190,0
DA:190,0
BRDA:190,1,0,-
BRDA:190,1,1,-
DA:191,0
DA:191,0
DA:191,0
DA:197,0
DA:197,0
DA:197,0
DA:198,0
DA:198,0
BRDA:196,2,0,-
BRDA:196,2,1,-
DA:203,0
DA:203,0
FN:209,ERC20VaultInvariantTest.handler_openPosition
FNDA:0,ERC20VaultInvariantTest.handler_openPosition
DA:213,0
DA:213,0
DA:214,0
DA:214,0
DA:215,0
DA:215,0
DA:217,0
DA:217,0
DA:227,0
DA:227,0
DA:272,0
DA:272,0
FN:275,ERC20VaultInvariantTest.handler_addCollateral
FNDA:0,ERC20VaultInvariantTest.handler_addCollateral
DA:279,0
DA:279,0
DA:280,0
DA:280,0
DA:281,0
DA:281,0
DA:281,0
DA:282,0
DA:282,0
BRDA:282,3,0,-
BRDA:282,3,1,-
DA:283,0
DA:283,0
DA:285,0
DA:285,0
DA:285,0
DA:286,0
DA:286,0
BRDA:286,4,0,-
BRDA:286,4,1,-
DA:287,0
DA:287,0
DA:288,0
DA:288,0
DA:291,0
DA:291,0
DA:303,0
DA:303,0
DA:324,0
DA:324,0
FN:327,ERC20VaultInvariantTest.handler_withdrawCollateral
FNDA:0,ERC20VaultInvariantTest.handler_withdrawCollateral
DA:331,0
DA:331,0
DA:332,0
DA:332,0
DA:332,0
DA:333,0
DA:333,0
BRDA:333,5,0,-
BRDA:333,5,1,-
DA:334,0
DA:334,0
DA:335,0
DA:335,0
DA:335,0
DA:340,0
DA:340,0
DA:340,0
DA:340,0
DA:340,0
DA:341,0
DA:341,0
DA:343,0
DA:343,0
DA:343,0
DA:344,0
DA:344,0
BRDA:339,6,0,-
BRDA:339,6,1,-
DA:347,0
DA:347,0
DA:349,0
DA:349,0
DA:389,0
DA:389,0
FN:392,ERC20VaultInvariantTest.handler_repayDebt
FNDA:0,ERC20VaultInvariantTest.handler_repayDebt
DA:393,0
DA:393,0
DA:394,0
DA:394,0
DA:394,0
DA:395,0
DA:395,0
BRDA:395,7,0,-
BRDA:395,7,1,-
DA:396,0
DA:396,0
DA:397,0
DA:397,0
DA:397,0
DA:401,0
DA:401,0
DA:405,0
DA:405,0
DA:405,0
DA:405,0
DA:405,0
DA:406,0
DA:406,0
DA:407,0
DA:407,0
DA:407,0
DA:408,0
DA:408,0
BRDA:404,8,0,-
BRDA:404,8,1,-
DA:411,0
DA:411,0
DA:413,0
DA:413,0
DA:437,0
DA:437,0
FN:440,ERC20VaultInvariantTest.handler_updatePriceFeed
FNDA:0,ERC20VaultInvariantTest.handler_updatePriceFeed
DA:444,0
DA:444,0
DA:445,0
DA:445,0
DA:448,0
DA:448,0
DA:449,0
DA:449,0
DA:449,0
BRDA:449,9,0,-
BRDA:449,9,1,-
DA:450,0
DA:450,0
DA:452,0
DA:452,0
DA:455,0
DA:455,0
DA:456,0
DA:456,0
FN:459,ERC20VaultInvariantTest.handler_liquidatePosition
FNDA:0,ERC20VaultInvariantTest.handler_liquidatePosition
DA:460,0
DA:460,0
DA:460,0
DA:461,0
DA:461,0
BRDA:461,10,0,-
BRDA:461,10,1,-
DA:462,0
DA:462,0
DA:464,0
DA:464,0
DA:469,0
DA:469,0
DA:471,0
DA:471,0
DA:474,0
DA:474,0
DA:474,0
DA:474,0
DA:474,0
DA:474,0
DA:475,0
DA:475,0
DA:476,0
DA:476,0
DA:476,0
DA:477,0
DA:477,0
DA:477,0
BRDA:473,11,0,-
BRDA:473,11,1,-
DA:480,0
DA:480,0
DA:483,0
DA:483,0
DA:485,0
DA:485,0
DA:486,0
DA:486,0
DA:503,0
DA:503,0
FN:508,ERC20VaultInvariantTest.handler_collectInterest
FNDA:0,ERC20VaultInvariantTest.handler_collectInterest
DA:512,0
DA:512,0
DA:513,0
DA:513,0
DA:515,0
DA:515,0
DA:515,0
DA:516,0
DA:516,0
BRDA:516,12,0,-
BRDA:516,12,1,-
DA:517,0
DA:517,0
DA:518,0
DA:518,0
DA:518,0
DA:525,0
DA:525,0
DA:527,0
DA:527,0
DA:542,0
DA:542,0
FN:546,ERC20VaultInvariantTest.handler_withdrawInterest
FNDA:0,ERC20VaultInvariantTest.handler_withdrawInterest
DA:547,0
DA:547,0
DA:547,0
DA:551,0
DA:551,0
DA:551,0
DA:552,0
DA:552,0
DA:552,0
BRDA:550,13,0,-
BRDA:550,13,1,-
DA:554,0
DA:554,0
DA:555,0
DA:555,0
DA:558,0
DA:558,0
FN:562,ERC20VaultInvariantTest.handler_leveragePosition
FNDA:0,ERC20VaultInvariantTest.handler_leveragePosition
DA:567,0
DA:567,0
DA:569,0
DA:569,0
DA:570,0
DA:570,0
DA:571,0
DA:571,0
DA:573,0
DA:573,0
DA:574,0
DA:574,0
DA:577,0
DA:577,0
DA:601,0
DA:601,0
FN:604,ERC20VaultInvariantTest.handler_borrow
FNDA:0,ERC20VaultInvariantTest.handler_borrow
DA:605,0
DA:605,0
DA:605,0
DA:606,0
DA:606,0
BRDA:606,14,0,-
BRDA:606,14,1,-
DA:606,0
DA:608,0
DA:608,0
DA:609,0
DA:609,0
DA:609,0
DA:613,0
DA:613,0
DA:613,0
DA:613,0
BRDA:613,15,0,-
BRDA:613,15,1,-
DA:613,0
DA:615,0
DA:615,0
DA:617,0
DA:617,0
DA:617,0
DA:618,0
DA:618,0
DA:618,0
DA:619,0
DA:619,0
DA:619,0
DA:620,0
DA:620,0
DA:620,0
DA:622,0
DA:622,0
DA:624,0
DA:624,0
DA:624,0
DA:624,0
DA:624,0
DA:624,0
BRDA:623,16,0,-
BRDA:623,16,1,-
DA:626,0
DA:626,0
DA:628,0
DA:628,0
DA:632,0
DA:632,0
FN:639,ERC20VaultInvariantTest.invariant_PositionDataMatchesBalances
FNDA:0,ERC20VaultInvariantTest.invariant_PositionDataMatchesBalances
DA:640,0
DA:640,0
DA:640,0
DA:641,0
DA:641,0
DA:642,0
DA:642,0
DA:643,0
DA:643,0
DA:643,0
DA:643,0
DA:644,0
DA:644,0
DA:644,0
DA:647,0
DA:647,0
DA:648,0
DA:648,0
DA:650,0
DA:650,0
DA:651,0
DA:651,0
FN:654,ERC20VaultInvariantTest.invariant_LTVLimitRespected
FNDA:0,ERC20VaultInvariantTest.invariant_LTVLimitRespected
DA:655,0
DA:655,0
DA:655,0
DA:656,0
DA:656,0
DA:656,0
DA:656,0
DA:657,0
DA:657,0
DA:658,0
DA:658,0
DA:658,0
DA:659,0
DA:659,0
BRDA:659,17,0,-
BRDA:659,17,1,-
DA:661,0
DA:661,0
DA:661,0
DA:662,0
DA:662,0
DA:663,0
DA:663,0
FN:672,ERC20VaultInvariantTest.invariant_CollateralAdditionsAccurate
FNDA:0,ERC20VaultInvariantTest.invariant_CollateralAdditionsAccurate
DA:673,0
DA:673,0
DA:673,0
DA:674,0
DA:674,0
DA:676,0
DA:676,0
DA:676,0
DA:676,0
DA:677,0
DA:677,0
DA:678,0
DA:678,0
DA:678,0
DA:679,0
DA:679,0
DA:679,0
DA:679,0
DA:682,0
DA:682,0
DA:687,0
DA:687,0
DA:690,0
DA:690,0
FN:697,ERC20VaultInvariantTest.invariant_CollateralWithdrawalsAccurate
FNDA:0,ERC20VaultInvariantTest.invariant_CollateralWithdrawalsAccurate
DA:698,0
DA:698,0
DA:698,0
DA:699,0
DA:699,0
DA:700,0
DA:700,0
DA:701,0
DA:701,0
DA:703,0
DA:703,0
DA:703,0
DA:703,0
DA:704,0
DA:704,0
DA:705,0
DA:705,0
DA:705,0
DA:706,0
DA:706,0
DA:707,0
DA:707,0
DA:711,0
DA:711,0
DA:711,0
DA:712,0
DA:712,0
DA:712,0
DA:712,0
DA:713,0
DA:713,0
DA:718,0
DA:718,0
DA:718,0
DA:718,0
DA:720,0
DA:720,0
DA:720,0
DA:720,0
DA:720,0
DA:720,0
DA:721,0
DA:721,0
DA:726,0
DA:726,0
DA:733,0
DA:733,0
DA:739,0
DA:739,0
FN:746,ERC20VaultInvariantTest.invariant_DebtRepaymentsAccurate
FNDA:0,ERC20VaultInvariantTest.invariant_DebtRepaymentsAccurate
DA:747,0
DA:747,0
DA:747,0
DA:748,0
DA:748,0
DA:750,0
DA:750,0
DA:750,0
DA:750,0
DA:751,0
DA:751,0
DA:752,0
DA:752,0
DA:752,0
DA:753,0
DA:753,0
DA:753,0
DA:755,0
DA:755,0
DA:756,0
DA:756,0
DA:759,0
DA:759,0
DA:764,0
DA:764,0
DA:769,0
DA:769,0
FN:776,ERC20VaultInvariantTest.invariant_HealthRatioCorrect
FNDA:0,ERC20VaultInvariantTest.invariant_HealthRatioCorrect
DA:777,0
DA:777,0
DA:777,0
DA:778,0
DA:778,0
DA:778,0
DA:778,0
DA:779,0
DA:779,0
DA:780,0
DA:780,0
DA:780,0
DA:782,0
DA:782,0
DA:782,0
DA:784,0
DA:784,0
BRDA:784,18,0,-
BRDA:784,18,1,-
DA:785,0
DA:785,0
DA:791,0
DA:791,0
DA:791,0
DA:794,0
DA:794,0
DA:794,0
DA:795,0
DA:795,0
DA:795,0
DA:797,0
DA:797,0
DA:802,0
DA:802,0
DA:802,0
DA:803,0
DA:803,0
BRDA:803,19,0,-
BRDA:803,19,1,-
DA:804,0
DA:804,0
DA:805,0
DA:805,0
DA:805,0
DA:806,0
DA:806,0
FN:814,ERC20VaultInvariantTest.invariant_HealthReflectsPriceChanges
FNDA:0,ERC20VaultInvariantTest.invariant_HealthReflectsPriceChanges
DA:815,0
DA:815,0
DA:815,0
DA:816,0
DA:816,0
DA:816,0
DA:816,0
DA:817,0
DA:817,0
DA:818,0
DA:818,0
DA:818,0
DA:820,0
DA:820,0
DA:820,0
DA:820,0
BRDA:820,20,0,-
BRDA:820,20,1,-
DA:821,0
DA:821,0
DA:821,0
DA:822,0
DA:822,0
DA:822,0
DA:825,0
DA:825,0
DA:825,0
DA:826,0
DA:826,0
DA:826,0
DA:830,0
DA:830,0
DA:837,0
DA:837,0
DA:837,0
DA:838,0
DA:838,0
BRDA:838,21,0,-
BRDA:838,21,1,-
DA:839,0
DA:839,0
DA:840,0
DA:840,0
FN:846,ERC20VaultInvariantTest.invariant_FullDebtRepayment
FNDA:0,ERC20VaultInvariantTest.invariant_FullDebtRepayment
DA:847,0
DA:847,0
DA:847,0
DA:848,0
DA:848,0
DA:848,0
DA:848,0
DA:849,0
DA:849,0
DA:850,0
DA:850,0
DA:850,0
DA:856,0
DA:856,0
DA:856,0
DA:857,0
DA:857,0
BRDA:855,22,0,-
BRDA:855,22,1,-
DA:859,0
DA:859,0
DA:860,0
DA:860,0
DA:867,0
DA:867,0
DA:867,0
DA:867,0
DA:870,0
DA:870,0
DA:877,0
DA:877,0
BRDA:876,23,0,-
BRDA:876,23,1,-
DA:881,0
DA:881,0
DA:891,0
DA:891,0
DA:892,0
DA:892,0
DA:892,0
DA:892,0
DA:893,0
DA:893,0
DA:894,0
DA:894,0
DA:894,0
DA:900,0
DA:900,0
DA:902,0
DA:902,0
FN:909,ERC20VaultInvariantTest.invariant_BadDebtCannotPersist
FNDA:0,ERC20VaultInvariantTest.invariant_BadDebtCannotPersist
DA:910,0
DA:910,0
DA:910,0
DA:912,0
DA:912,0
DA:912,0
DA:912,0
DA:913,0
DA:913,0
DA:914,0
DA:914,0
DA:914,0
DA:917,0
DA:917,0
DA:917,0
DA:917,0
BRDA:917,24,0,-
BRDA:917,24,1,-
DA:918,0
DA:918,0
DA:918,0
DA:919,0
DA:919,0
DA:919,0
DA:922,0
DA:922,0
DA:922,0
DA:923,0
DA:923,0
DA:923,0
DA:925,0
DA:925,0
DA:925,0
DA:928,0
DA:928,0
BRDA:928,25,0,-
BRDA:928,25,1,-
DA:929,0
DA:929,0
DA:934,0
DA:934,0
FN:943,ERC20VaultInvariantTest.invariant_LiquidationConsistency
FNDA:0,ERC20VaultInvariantTest.invariant_LiquidationConsistency
DA:944,0
DA:944,0
DA:944,0
DA:945,0
DA:945,0
DA:945,0
DA:945,0
DA:946,0
BRDA:946,26,0,-
BRDA:946,26,1,-
DA:947,0
DA:947,0
DA:952,0
DA:952,0
DA:953,0
DA:953,0
DA:958,0
DA:958,0
DA:963,0
DA:963,0
DA:970,0
DA:970,0
DA:973,0
DA:973,0
BRDA:973,27,0,-
BRDA:973,27,1,-
DA:974,0
DA:974,0
DA:974,0
DA:976,0
DA:976,0
DA:976,0
DA:978,0
DA:978,0
DA:978,0
DA:978,0
DA:982,0
DA:982,0
DA:990,0
DA:990,0
DA:990,0
DA:991,0
DA:991,0
DA:991,0
DA:991,0
DA:992,0
DA:992,0
DA:1001,0
DA:1001,0
DA:1001,0
DA:1002,0
DA:1002,0
DA:1003,0
DA:1003,0
DA:1005,0
DA:1005,0
DA:1005,0
DA:1005,0
DA:1006,0
DA:1006,0
DA:1007,0
DA:1007,0
DA:1007,0
DA:1010,0
DA:1010,0
DA:1011,0
DA:1011,0
DA:1014,0
DA:1014,0
DA:1019,0
DA:1019,0
FN:1026,ERC20VaultInvariantTest.invariant_InterestCollectionConsistency
FNDA:0,ERC20VaultInvariantTest.invariant_InterestCollectionConsistency
DA:1027,0
DA:1027,0
DA:1027,0
DA:1028,0
DA:1028,0
DA:1029,0
DA:1029,0
DA:1032,0
DA:1032,0
DA:1032,0
DA:1032,0
DA:1033,0
DA:1033,0
DA:1034,0
DA:1034,0
DA:1034,0
DA:1035,0
DA:1035,0
DA:1035,0
DA:1037,0
DA:1037,0
DA:1042,0
DA:1042,0
DA:1043,0
DA:1043,0
DA:1047,0
DA:1047,0
DA:1054,0
DA:1054,0
DA:1061,0
DA:1061,0
DA:1061,0
DA:1061,0
DA:1062,0
DA:1062,0
DA:1063,0
DA:1063,0
DA:1063,0
DA:1064,0
DA:1064,0
BRDA:1064,28,0,-
BRDA:1064,28,1,-
DA:1065,0
DA:1065,0
DA:1065,0
DA:1067,0
DA:1067,0
BRDA:1067,29,0,-
BRDA:1067,29,1,-
DA:1069,0
DA:1069,0
DA:1069,0
DA:1075,0
DA:1075,0
FN:1085,ERC20VaultInvariantTest.invariant_LeveragePositionSolvency
FNDA:0,ERC20VaultInvariantTest.invariant_LeveragePositionSolvency
DA:1086,0
DA:1086,0
DA:1086,0
DA:1087,0
DA:1087,0
DA:1087,0
DA:1087,0
DA:1088,0
DA:1088,0
DA:1089,0
DA:1089,0
DA:1089,0
DA:1093,0
DA:1093,0
DA:1093,0
DA:1093,0
BRDA:1093,30,0,-
BRDA:1093,30,1,-
DA:1095,0
DA:1095,0
DA:1095,0
DA:1096,0
DA:1096,0
DA:1096,0
DA:1097,0
DA:1097,0
DA:1097,0
DA:1098,0
DA:1098,0
DA:1098,0
DA:1100,0
DA:1100,0
DA:1102,0
DA:1102,0
BRDA:1102,31,0,-
BRDA:1102,31,1,-
DA:1103,0
DA:1103,0
DA:1108,0
DA:1108,0
DA:1116,0
DA:1116,0
DA:1121,0
DA:1121,0
FN:1128,ERC20VaultInvariantTest._poolAndLiquidity
FNDA:0,ERC20VaultInvariantTest._poolAndLiquidity
DA:1129,0
DA:1129,0
DA:1137,0
DA:1137,0
DA:1138,0
DA:1138,0
DA:1139,0
DA:1139,0
DA:1143,0
DA:1143,0
DA:1144,0
DA:1144,0
DA:1146,0
DA:1146,0
DA:1146,0
DA:1147,0
DA:1147,0
DA:1153,0
DA:1153,0
DA:1153,0
DA:1158,0
DA:1158,0
DA:1165,0
DA:1165,0
DA:1171,0
DA:1171,0
DA:1171,0
DA:1175,0
DA:1175,0
DA:1175,0
DA:1183,0
DA:1183,0
DA:1183,0
DA:1183,0
DA:1184,0
DA:1184,0
DA:1185,0
DA:1185,0
DA:1191,0
DA:1191,0
DA:1192,0
DA:1192,0
DA:1200,0
DA:1200,0
DA:1200,0
DA:1201,0
DA:1201,0
DA:1201,0
DA:1203,0
DA:1203,0
DA:1215,0
DA:1215,0
FNF:25
FNH:0
LF:346
LH:0
BRF:64
BRH:0
end_of_record
TN:
SF:test/utils/EasyPosm.sol
FN:30,EasyPosm.mint
FNDA:0,EasyPosm.mint
DA:42,0
DA:42,0
DA:47,0
DA:47,0
DA:47,0
DA:52,0
DA:52,0
DA:62,0
DA:62,0
DA:65,0
DA:65,0
DA:66,0
DA:66,0
DA:66,0
DA:67,0
DA:67,0
DA:78,0
DA:78,0
FN:86,EasyPosm.increaseLiquidity
FNDA:0,EasyPosm.increaseLiquidity
DA:95,0
DA:95,0
DA:95,0
DA:97,0
DA:97,0
DA:97,0
DA:98,0
DA:98,0
DA:105,0
DA:105,0
DA:106,0
DA:106,0
DA:108,0
DA:108,0
DA:108,0
DA:109,0
DA:109,0
DA:109,0
DA:111,0
DA:111,0
DA:111,0
DA:112,0
DA:112,0
DA:124,0
DA:124,0
FN:132,EasyPosm.decreaseLiquidity
FNDA:0,EasyPosm.decreaseLiquidity
DA:142,0
DA:142,0
DA:142,0
DA:144,0
DA:144,0
DA:144,0
DA:145,0
DA:145,0
DA:152,0
DA:152,0
DA:154,0
DA:154,0
DA:154,0
DA:155,0
DA:155,0
DA:155,0
DA:157,0
DA:157,0
DA:168,0
DA:168,0
FN:174,EasyPosm.collect
FNDA:0,EasyPosm.collect
DA:183,0
DA:183,0
DA:183,0
DA:185,0
DA:185,0
DA:185,0
DA:187,0
DA:187,0
DA:188,0
DA:188,0
DA:190,0
DA:190,0
DA:190,0
DA:191,0
DA:191,0
DA:191,0
DA:193,0
DA:193,0
DA:204,0
DA:204,0
FN:210,EasyPosm.burn
FNDA:0,EasyPosm.burn
DA:219,0
DA:219,0
DA:219,0
DA:221,0
DA:221,0
DA:221,0
DA:222,0
DA:222,0
DA:223,0
DA:223,0
DA:225,0
DA:225,0
DA:225,0
DA:226,0
DA:226,0
DA:226,0
DA:228,0
DA:228,0
DA:239,0
DA:239,0
FN:245,EasyPosm._getCurrencies
FNDA:0,EasyPosm._getCurrencies
DA:249,0
DA:249,0
DA:249,0
DA:250,0
DA:250,0
FNF:6
FNH:0
LF:44
LH:0
BRF:0
BRH:0
end_of_record
